<?xml version="1.0" encoding="UTF-8"?>
<testsuite name="FizzBuzzTest" tests="3" skipped="0" failures="0" errors="0" timestamp="2020-06-15T12:57:04" hostname="LAPTOP-8TLEA6AN" time="0.008">
  <properties/>
  <testcase name="should_return_1_when_fizzbuzz_given_1" classname="FizzBuzzTest" time="0.008"/>
  <testcase name="should_return_fizz_when_fizzbuzz_given_3" classname="FizzBuzzTest" time="0.0"/>
  <testcase name="should_return_fizz_when_fizzbuzz_given_5" classname="FizzBuzzTest" time="0.0"/>
  <system-out><![CDATA[]]></system-out>
  <system-err><![CDATA[]]></system-err>
</testsuite>
