<?xml version="1.0" encoding="UTF-8"?>
<testsuite name="com.twscholl.practice.HelloWorldTest" tests="1" skipped="0" failures="0" errors="0" timestamp="2020-06-15T06:47:57" hostname="LAPTOP-8TLEA6AN" time="0.001">
  <properties/>
  <testcase name="test" classname="com.twscholl.practice.HelloWorldTest" time="0.001"/>
  <system-out><![CDATA[]]></system-out>
  <system-err><![CDATA[]]></system-err>
</testsuite>
