<?xml version="1.0" encoding="UTF-8"?>
<testsuite name="com.twscholl.practice.MarsRoverTest" tests="11" skipped="0" failures="0" errors="0" timestamp="2020-06-16T03:28:46" hostname="LAPTOP-8TLEA6AN" time="0.013">
  <properties/>
  <testcase name="should_return_vocation_00E_when_order_M_given__10E" classname="com.twscholl.practice.MarsRoverTest" time="0.009"/>
  <testcase name="should_return_vocation_00S_when_order_L_given_00E" classname="com.twscholl.practice.MarsRoverTest" time="0.001"/>
  <testcase name="should_return_vocation_00N_when_order_L_given_00W" classname="com.twscholl.practice.MarsRoverTest" time="0.0"/>
  <testcase name="should_return_vocation_00S_when_order_M_given_0_1S" classname="com.twscholl.practice.MarsRoverTest" time="0.0"/>
  <testcase name="should_return_vocation_00E_when_order_L_given_00N" classname="com.twscholl.practice.MarsRoverTest" time="0.0"/>
  <testcase name="should_return_vocation_00W_when_order_R_given_00N" classname="com.twscholl.practice.MarsRoverTest" time="0.0"/>
  <testcase name="should_return_vocation_00S_when_order_R_given_00W" classname="com.twscholl.practice.MarsRoverTest" time="0.001"/>
  <testcase name="should_return_vocation_00W_when_order_M_given_10W" classname="com.twscholl.practice.MarsRoverTest" time="0.0"/>
  <testcase name="should_return_vocation_00N_when_order_R_given_00E" classname="com.twscholl.practice.MarsRoverTest" time="0.0"/>
  <testcase name="should_return_vocation_00N_when_order_M_given_01N" classname="com.twscholl.practice.MarsRoverTest" time="0.0"/>
  <testcase name="should_return_vocation_00E_when_order_R_given_00S" classname="com.twscholl.practice.MarsRoverTest" time="0.0"/>
  <system-out><![CDATA[]]></system-out>
  <system-err><![CDATA[]]></system-err>
</testsuite>
